<?xml version="1.0" encoding="UTF-8"?>
<!-- Generated by org.testng.reporters.JUnitReportReporter -->
<testsuite hostname="LAPTOP-P7INNGLR" failures="0" tests="1" name="practicetestng.SampleReportTest" time="8.621" errors="0" timestamp="2024-10-01T16:28:08 IST" skipped="0">
  <testcase classname="practicetestng.SampleReportTest" name="createContactTest" time="8.621"/>
  <system-out/>
</testsuite> <!-- practicetestng.SampleReportTest -->
