<?xml version="1.0" encoding="UTF-8"?>
<!-- Generated by org.testng.reporters.JUnitReportReporter -->
<testsuite hostname="LAPTOP-P7INNGLR" failures="0" tests="3" name="practicetestng.GetProductInfoTest" time="24.717" errors="0" timestamp="2024-09-17T11:16:28 IST" skipped="0">
  <testcase classname="practicetestng.GetProductInfoTest" name="getproductinfotest" time="10.254"/>
  <system-out/>
  <testcase classname="practicetestng.GetProductInfoTest" name="getproductinfotest" time="6.277"/>
  <system-out/>
  <testcase classname="practicetestng.GetProductInfoTest" name="getproductinfotest" time="8.186"/>
  <system-out/>
</testsuite> <!-- practicetestng.GetProductInfoTest -->
