<?xml version="1.0" encoding="UTF-8"?>
<!-- Generated by org.testng.reporters.JUnitReportReporter -->
<testsuite hostname="LAPTOP-P7INNGLR" failures="0" tests="1" name="practicetestng.screenshot" time="3.996" errors="0" timestamp="2024-09-21T11:22:30 IST" skipped="0">
  <testcase classname="practicetestng.screenshot" name="amazontest" time="3.996"/>
  <system-out/>
</testsuite> <!-- practicetestng.screenshot -->
