<?xml version="1.0" encoding="UTF-8"?>
<!-- Generated by org.testng.reporters.JUnitReportReporter -->
<testsuite hostname="LAPTOP-P7INNGLR" failures="0" tests="1" name="practicedatadriven.ReadDatafromTextNGxmlTest" time="0.012" errors="0" timestamp="2024-08-28T13:07:34 IST" skipped="0">
  <testcase classname="practicedatadriven.ReadDatafromTextNGxmlTest" name="sampleTest" time="0.012"/>
  <system-out/>
</testsuite> <!-- practicedatadriven.ReadDatafromTextNGxmlTest -->
