<?xml version="1.0" encoding="UTF-8"?>
<!-- Generated by org.testng.reporters.JUnitReportReporter -->
<testsuite hostname="LAPTOP-P7INNGLR" failures="0" tests="1" name="practicedatadriven.CreateOrganizationTest" time="19.774" errors="0" timestamp="2024-08-28T13:12:44 IST" skipped="0">
  <testcase classname="practicedatadriven.CreateOrganizationTest" name="createOrgTest" time="19.774"/>
  <system-out/>
</testsuite> <!-- practicedatadriven.CreateOrganizationTest -->
