<?xml version="1.0" encoding="UTF-8"?>
<!-- Generated by org.testng.reporters.JUnitReportReporter -->
<testsuite hostname="LAPTOP-P7INNGLR" failures="0" tests="1" name="practicedatadriven.readruntimeparametertest" time="0.011" errors="0" timestamp="2024-08-27T10:34:51 IST" skipped="0">
  <testcase classname="practicedatadriven.readruntimeparametertest" name="runtimeMavenParametertest" time="0.011"/>
  <system-out/>
</testsuite> <!-- practicedatadriven.readruntimeparametertest -->
